<?xml version="1.0" encoding="UTF-8"?>
<!-- Generated by org.testng.reporters.JUnitReportReporter -->
<testsuite hostname="Hariharan" failures="0" tests="1" name="stepDefinition.SearchDDT" time="66.828" errors="0" timestamp="2024-02-26T11:27:13 IST" skipped="0">
  <testcase classname="stepDefinition.SearchDDT" name="searchTest" time="66.828"/>
</testsuite> <!-- stepDefinition.SearchDDT -->
